<?xml version="1.0" encoding="UTF-8"?>
<testsuite xmlns:xsi="http://www.w3.org/2001/XMLSchema-instance" xsi:noNamespaceSchemaLocation="https://maven.apache.org/surefire/maven-surefire-plugin/xsd/surefire-test-report-3.0.xsd" version="3.0" name="TestClassTests" time="6.3" tests="9" errors="0" skipped="0" failures="0">
  <properties>
[...]
</properties>
  <testcase name="testInvalidDealUniqueId" classname="TestClassTests" time="0.831">
    <system-out><![CDATA[21:24:50.764 [main] DEBUG org.springframework.test.context.BootstrapUtils - Instantiating CacheAwareContextLoaderDelegate from class [org.springframework.test.context.cache.DefaultCacheAwareContextLoaderDelegate]
21:24:50.780 [main] DEBUG org.springframework.test.context.BootstrapUtils - Instantiating BootstrapContext using constructor [public org.springframework.test.context.support.DefaultBootstrapContext(java.lang.Class,org.springframework.test.context.CacheAwareContextLoaderDelegate)]
21:24:50.830 [main] DEBUG org.springframework.test.context.BootstrapUtils - Instantiating TestContextBootstrapper for test class [TestClassTests] from class [org.springframework.boot.test.context.SpringBootTestContextBootstrapper]
21:24:50.852 [main] INFO org.springframework.boot.test.context.SpringBootTestContextBootstrapper - Neither @ContextConfiguration nor @ContextHierarchy found for test class [TestClassTests], using SpringBootContextLoader
21:24:50.856 [main] DEBUG org.springframework.test.context.support.AbstractContextLoader - Did not detect default resource location for test class [TestClassTests]: class path resource [TestClassTests-context.xml] does not exist
21:24:50.858 [main] DEBUG org.springframework.test.context.support.AbstractContextLoader - Did not detect default resource location for test class [TestClassTests]: class path resource [TestClassTestsContext.groovy] does not exist
21:24:50.858 [main] INFO org.springframework.test.context.support.AbstractContextLoader - Could not detect default resource locations for test class [TestClassTests]: no resource found for suffixes {-context.xml, Context.groovy}.
21:24:50.948 [main] DEBUG org.springframework.test.context.support.ActiveProfilesUtils - Could not find an 'annotation declaring class' for annotation type [org.springframework.test.context.ActiveProfiles] and class [TestClassTests]
21:24:51.140 [main] DEBUG org.springframework.boot.test.context.SpringBootTestContextBootstrapper - @TestExecutionListeners is not present for class [TestClassTests]: using defaults.
21:24:51.141 [main] INFO org.springframework.boot.test.context.SpringBootTestContextBootstrapper - Loaded default TestExecutionListener class names from location [META-INF/spring.factories]: [org.springframework.boot.test.mock.mockito.MockitoTestExecutionListener, org.springframework.boot.test.mock.mockito.ResetMocksTestExecutionListener, org.springframework.boot.test.autoconfigure.restdocs.RestDocsTestExecutionListener, org.springframework.boot.test.autoconfigure.web.client.MockRestServiceServerResetTestExecutionListener, org.springframework.boot.test.autoconfigure.web.servlet.MockMvcPrintOnlyOnFailureTestExecutionListener, org.springframework.boot.test.autoconfigure.web.servlet.WebDriverTestExecutionListener, org.springframework.boot.test.autoconfigure.webservices.client.MockWebServiceServerTestExecutionListener, org.springframework.test.context.web.ServletTestExecutionListener, org.springframework.test.context.support.DirtiesContextBeforeModesTestExecutionListener, org.springframework.test.context.event.ApplicationEventsTestExecutionListener, org.springframework.test.context.support.DependencyInjectionTestExecutionListener, org.springframework.test.context.support.DirtiesContextTestExecutionListener, org.springframework.test.context.transaction.TransactionalTestExecutionListener, org.springframework.test.context.jdbc.SqlScriptsTestExecutionListener, org.springframework.test.context.event.EventPublishingTestExecutionListener]
21:24:51.161 [main] INFO org.springframework.boot.test.context.SpringBootTestContextBootstrapper - Using TestExecutionListeners: [org.springframework.test.context.web.ServletTestExecutionListener@7749bf93, org.springframework.test.context.support.DirtiesContextBeforeModesTestExecutionListener@13330ac6, org.springframework.test.context.event.ApplicationEventsTestExecutionListener@539d019, org.springframework.boot.test.mock.mockito.MockitoTestExecutionListener@39a2bb97, org.springframework.boot.test.autoconfigure.SpringBootDependencyInjectionTestExecutionListener@3ad2e17, org.springframework.test.context.support.DirtiesContextTestExecutionListener@8c3619e, org.springframework.test.context.transaction.TransactionalTestExecutionListener@4331d187, org.springframework.test.context.jdbc.SqlScriptsTestExecutionListener@6f63b475, org.springframework.test.context.event.EventPublishingTestExecutionListener@554e218, org.springframework.boot.test.mock.mockito.ResetMocksTestExecutionListener@1608bcbd, org.springframework.boot.test.autoconfigure.restdocs.RestDocsTestExecutionListener@5bf8fa12, org.springframework.boot.test.autoconfigure.web.client.MockRestServiceServerResetTestExecutionListener@29ca3d04, org.springframework.boot.test.autoconfigure.web.servlet.MockMvcPrintOnlyOnFailureTestExecutionListener@b2c5e07, org.springframework.boot.test.autoconfigure.web.servlet.WebDriverTestExecutionListener@5812f68b, org.springframework.boot.test.autoconfigure.webservices.client.MockWebServiceServerTestExecutionListener@4426bff1]
21:24:51.169 [main] DEBUG org.springframework.test.context.support.AbstractDirtiesContextTestExecutionListener - Before test class: context [DefaultTestContext@1b955cac testClass = TestClassTests, testInstance = [null], testMethod = [null], testException = [null], mergedContextConfiguration = [WebMergedContextConfiguration@676cf48 testClass = TestClassTests, locations = '{}', classes = '{class com.task.test.TestClass}', contextInitializerClasses = '[]', activeProfiles = '{}', propertySourceLocations = '{}', propertySourceProperties = '{org.springframework.boot.test.context.SpringBootTestContextBootstrapper=true}', contextCustomizers = set[[ImportsContextCustomizer@5a1de7fb key = [org.springframework.boot.test.autoconfigure.web.servlet.MockMvcAutoConfiguration, org.springframework.boot.test.autoconfigure.web.servlet.MockMvcWebClientAutoConfiguration, org.springframework.boot.test.autoconfigure.web.servlet.MockMvcWebDriverAutoConfiguration, org.springframework.boot.autoconfigure.security.oauth2.client.servlet.OAuth2ClientAutoConfiguration, org.springframework.boot.autoconfigure.security.oauth2.resource.servlet.OAuth2ResourceServerAutoConfiguration, org.springframework.boot.autoconfigure.security.servlet.SecurityAutoConfiguration, org.springframework.boot.autoconfigure.security.servlet.SecurityFilterAutoConfiguration, org.springframework.boot.autoconfigure.security.servlet.UserDetailsServiceAutoConfiguration, org.springframework.boot.test.autoconfigure.web.servlet.MockMvcSecurityConfiguration, org.springframework.boot.test.autoconfigure.web.reactive.WebTestClientAutoConfiguration]], org.springframework.boot.test.context.filter.ExcludeFilterContextCustomizer@73eb439a, org.springframework.boot.test.json.DuplicateJsonObjectContextCustomizerFactory$DuplicateJsonObjectContextCustomizer@302c971f, org.springframework.boot.test.mock.mockito.MockitoContextCustomizer@0, org.springframework.boot.test.web.client.TestRestTemplateContextCustomizer@4bdeaabb, org.springframework.boot.test.autoconfigure.actuate.metrics.MetricsExportContextCustomizerFactory$DisableMetricExportContextCustomizer@4007f65e, org.springframework.boot.test.autoconfigure.properties.PropertyMappingContextCustomizer@4b3fa0b3, org.springframework.boot.test.autoconfigure.web.servlet.WebDriverContextCustomizerFactory$Customizer@4722ef0c, org.springframework.boot.test.context.SpringBootTestArgs@1, org.springframework.boot.test.context.SpringBootTestWebEnvironment@382db087], resourceBasePath = 'src/main/webapp', contextLoader = 'org.springframework.boot.test.context.SpringBootContextLoader', parent = [null]], attributes = map['org.springframework.test.context.web.ServletTestExecutionListener.activateListener' -> true]], class annotated with @DirtiesContext [false] with mode [null].
21:24:51.247 [main] DEBUG org.springframework.boot.ApplicationServletEnvironment - Activating profiles []
21:24:51.248 [main] DEBUG org.springframework.test.context.support.TestPropertySourceUtils - Adding inlined properties to environment: {spring.jmx.enabled=false, org.springframework.boot.test.context.SpringBootTestContextBootstrapper=true}

  .   ____          _            __ _ _
 /\\ / ___'_ __ _ _(_)_ __  __ _ \ \ \ \
( ( )\___ | '_ | '_| | '_ \/ _` | \ \ \ \
 \\/  ___)| |_)| | | | | || (_| |  ) ) ) )
  '  |____| .__|_| |_|_| |_\__, | / / / /
 =========|_|==============|___/=/_/_/_/
&amp#27;[32m :: Spring Boot :: &amp#27;[39m              &amp#27;[2m (v2.6.2)&amp#27;[0;39m

&amp#27;[2m2023-10-30 21:24:51.670&amp#27;[0;39m &amp#27;[32m INFO&amp#27;[0;39m &amp#27;[35m23288&amp#27;[0;39m &amp#27;[2m---&amp#27;[0;39m &amp#27;[2m[           main]&amp#27;[0;39m &amp#27;[36mTestClassTests                          &amp#27;[0;39m &amp#27;[2m:&amp#27;[0;39m Starting TestClassTests using Java 17.0.8 on mohammad with PID 23288 (started by 96278 in C:\Users\96278\Desktop\spring\SpringCodes-20230722T173034Z-001\SpringCodes\ProgressSoftTask)
&amp#27;[2m2023-10-30 21:24:51.671&amp#27;[0;39m &amp#27;[32m INFO&amp#27;[0;39m &amp#27;[35m23288&amp#27;[0;39m &amp#27;[2m---&amp#27;[0;39m &amp#27;[2m[           main]&amp#27;[0;39m &amp#27;[36mTestClassTests                          &amp#27;[0;39m &amp#27;[2m:&amp#27;[0;39m No active profile set, falling back to default profiles: default
&amp#27;[2m2023-10-30 21:24:51.703&amp#27;[0;39m &amp#27;[32mDEBUG&amp#27;[0;39m &amp#27;[35m23288&amp#27;[0;39m &amp#27;[2m---&amp#27;[0;39m &amp#27;[2m[           main]&amp#27;[0;39m &amp#27;[36mo.s.w.c.s.GenericWebApplicationContext  &amp#27;[0;39m &amp#27;[2m:&amp#27;[0;39m Refreshing org.springframework.web.context.support.GenericWebApplicationContext@46074492
&amp#27;[2m2023-10-30 21:24:52.700&amp#27;[0;39m &amp#27;[32m INFO&amp#27;[0;39m &amp#27;[35m23288&amp#27;[0;39m &amp#27;[2m---&amp#27;[0;39m &amp#27;[2m[           main]&amp#27;[0;39m &amp#27;[36m.s.d.r.c.RepositoryConfigurationDelegate&amp#27;[0;39m &amp#27;[2m:&amp#27;[0;39m Bootstrapping Spring Data JPA repositories in DEFAULT mode.
&amp#27;[2m2023-10-30 21:24:52.727&amp#27;[0;39m &amp#27;[32m INFO&amp#27;[0;39m &amp#27;[35m23288&amp#27;[0;39m &amp#27;[2m---&amp#27;[0;39m &amp#27;[2m[           main]&amp#27;[0;39m &amp#27;[36m.s.d.r.c.RepositoryConfigurationDelegate&amp#27;[0;39m &amp#27;[2m:&amp#27;[0;39m Finished Spring Data repository scanning in 12 ms. Found 0 JPA repository interfaces.
&amp#27;[2m2023-10-30 21:24:54.440&amp#27;[0;39m &amp#27;[32mDEBUG&amp#27;[0;39m &amp#27;[35m23288&amp#27;[0;39m &amp#27;[2m---&amp#27;[0;39m &amp#27;[2m[           main]&amp#27;[0;39m &amp#27;[36ms.w.s.m.m.a.RequestMappingHandlerAdapter&amp#27;[0;39m &amp#27;[2m:&amp#27;[0;39m ControllerAdvice beans: 0 @ModelAttribute, 0 @InitBinder, 1 RequestBodyAdvice, 1 ResponseBodyAdvice
&amp#27;[2m2023-10-30 21:24:54.592&amp#27;[0;39m &amp#27;[32mDEBUG&amp#27;[0;39m &amp#27;[35m23288&amp#27;[0;39m &amp#27;[2m---&amp#27;[0;39m &amp#27;[2m[           main]&amp#27;[0;39m &amp#27;[36ms.w.s.m.m.a.RequestMappingHandlerMapping&amp#27;[0;39m &amp#27;[2m:&amp#27;[0;39m 3 mappings in 'requestMappingHandlerMapping'
&amp#27;[2m2023-10-30 21:24:54.706&amp#27;[0;39m &amp#27;[32mDEBUG&amp#27;[0;39m &amp#27;[35m23288&amp#27;[0;39m &amp#27;[2m---&amp#27;[0;39m &amp#27;[2m[           main]&amp#27;[0;39m &amp#27;[36mo.s.w.s.handler.SimpleUrlHandlerMapping &amp#27;[0;39m &amp#27;[2m:&amp#27;[0;39m Patterns [/webjars/**, /**] in 'resourceHandlerMapping'
&amp#27;[2m2023-10-30 21:24:54.734&amp#27;[0;39m &amp#27;[32mDEBUG&amp#27;[0;39m &amp#27;[35m23288&amp#27;[0;39m &amp#27;[2m---&amp#27;[0;39m &amp#27;[2m[           main]&amp#27;[0;39m &amp#27;[36m.m.m.a.ExceptionHandlerExceptionResolver&amp#27;[0;39m &amp#27;[2m:&amp#27;[0;39m ControllerAdvice beans: 0 @ExceptionHandler, 1 ResponseBodyAdvice
&amp#27;[2m2023-10-30 21:24:55.039&amp#27;[0;39m &amp#27;[32m INFO&amp#27;[0;39m &amp#27;[35m23288&amp#27;[0;39m &amp#27;[2m---&amp#27;[0;39m &amp#27;[2m[           main]&amp#27;[0;39m &amp#27;[36mo.s.b.t.m.w.SpringBootMockServletContext&amp#27;[0;39m &amp#27;[2m:&amp#27;[0;39m Initializing Spring TestDispatcherServlet ''
&amp#27;[2m2023-10-30 21:24:55.039&amp#27;[0;39m &amp#27;[32m INFO&amp#27;[0;39m &amp#27;[35m23288&amp#27;[0;39m &amp#27;[2m---&amp#27;[0;39m &amp#27;[2m[           main]&amp#27;[0;39m &amp#27;[36mo.s.t.web.servlet.TestDispatcherServlet &amp#27;[0;39m &amp#27;[2m:&amp#27;[0;39m Initializing Servlet ''
&amp#27;[2m2023-10-30 21:24:55.043&amp#27;[0;39m &amp#27;[32m INFO&amp#27;[0;39m &amp#27;[35m23288&amp#27;[0;39m &amp#27;[2m---&amp#27;[0;39m &amp#27;[2m[           main]&amp#27;[0;39m &amp#27;[36mo.s.t.web.servlet.TestDispatcherServlet &amp#27;[0;39m &amp#27;[2m:&amp#27;[0;39m Completed initialization in 4 ms
&amp#27;[2m2023-10-30 21:24:55.069&amp#27;[0;39m &amp#27;[32m INFO&amp#27;[0;39m &amp#27;[35m23288&amp#27;[0;39m &amp#27;[2m---&amp#27;[0;39m &amp#27;[2m[           main]&amp#27;[0;39m &amp#27;[36mTestClassTests                          &amp#27;[0;39m &amp#27;[2m:&amp#27;[0;39m Started TestClassTests in 3.821 seconds (JVM running for 5.198)
]]></system-out>
  </testcase>
  <testcase name="testValidDealUniqueId" classname="TestClassTests" time="0.006"/>
  <testcase name="testInvalidTimestampFormat" classname="TestClassTests" time="0.014">
    <system-out><![CDATA[&amp#27;[2m2023-10-30 21:24:55.954&amp#27;[0;39m &amp#27;[31mERROR&amp#27;[0;39m &amp#27;[35m23288&amp#27;[0;39m &amp#27;[2m---&amp#27;[0;39m &amp#27;[2m[           main]&amp#27;[0;39m &amp#27;[36mcom.task.test.DealValidationService     &amp#27;[0;39m &amp#27;[2m:&amp#27;[0;39m Invalid timestamp format: Text 'InvalidTimestamp' could not be parsed at index 0
]]></system-out>
  </testcase>
  <testcase name="testValidTimestampFormat" classname="TestClassTests" time="0.006"/>
  <testcase name="testInvalidDealAmount" classname="TestClassTests" time="0.007"/>
  <testcase name="testInvalidCurrencyCode" classname="TestClassTests" time="0.006"/>
  <testcase name="testValidCurrencyCode" classname="TestClassTests" time="0.007"/>
  <testcase name="createDealTest" classname="TestClassTests" time="0.966">
    <system-out><![CDATA[&amp#27;[2m2023-10-30 21:24:56.051&amp#27;[0;39m &amp#27;[32mDEBUG&amp#27;[0;39m &amp#27;[35m23288&amp#27;[0;39m &amp#27;[2m---&amp#27;[0;39m &amp#27;[2m[           main]&amp#27;[0;39m &amp#27;[36ms.w.s.m.m.a.RequestMappingHandlerMapping&amp#27;[0;39m &amp#27;[2m:&amp#27;[0;39m Mapped to com.task.test.DealController#createDeal(Deal)
&amp#27;[2m2023-10-30 21:24:56.154&amp#27;[0;39m &amp#27;[32mDEBUG&amp#27;[0;39m &amp#27;[35m23288&amp#27;[0;39m &amp#27;[2m---&amp#27;[0;39m &amp#27;[2m[           main]&amp#27;[0;39m &amp#27;[36mm.m.a.RequestResponseBodyMethodProcessor&amp#27;[0;39m &amp#27;[2m:&amp#27;[0;39m Read "application/json;charset=UTF-8" to [com.task.test.Deal@7bb4ed71]
&amp#27;[2m2023-10-30 21:24:56.209&amp#27;[0;39m &amp#27;[32m INFO&amp#27;[0;39m &amp#27;[35m23288&amp#27;[0;39m &amp#27;[2m---&amp#27;[0;39m &amp#27;[2m[           main]&amp#27;[0;39m &amp#27;[36mcom.zaxxer.hikari.HikariDataSource      &amp#27;[0;39m &amp#27;[2m:&amp#27;[0;39m HikariPool-1 - Starting...
&amp#27;[2m2023-10-30 21:24:56.780&amp#27;[0;39m &amp#27;[32m INFO&amp#27;[0;39m &amp#27;[35m23288&amp#27;[0;39m &amp#27;[2m---&amp#27;[0;39m &amp#27;[2m[           main]&amp#27;[0;39m &amp#27;[36mcom.zaxxer.hikari.HikariDataSource      &amp#27;[0;39m &amp#27;[2m:&amp#27;[0;39m HikariPool-1 - Start completed.
&amp#27;[2m2023-10-30 21:24:56.860&amp#27;[0;39m &amp#27;[32m INFO&amp#27;[0;39m &amp#27;[35m23288&amp#27;[0;39m &amp#27;[2m---&amp#27;[0;39m &amp#27;[2m[           main]&amp#27;[0;39m &amp#27;[36mcom.task.test.DealRepository            &amp#27;[0;39m &amp#27;[2m:&amp#27;[0;39m Data inserted successfully for dealUniqueId: 1234567895
&amp#27;[2m2023-10-30 21:24:56.860&amp#27;[0;39m &amp#27;[32m INFO&amp#27;[0;39m &amp#27;[35m23288&amp#27;[0;39m &amp#27;[2m---&amp#27;[0;39m &amp#27;[2m[           main]&amp#27;[0;39m &amp#27;[36mcom.task.test.DealController            &amp#27;[0;39m &amp#27;[2m:&amp#27;[0;39m Deal created successfully. Request: com.task.test.Deal@7bb4ed71
&amp#27;[2m2023-10-30 21:24:56.890&amp#27;[0;39m &amp#27;[32mDEBUG&amp#27;[0;39m &amp#27;[35m23288&amp#27;[0;39m &amp#27;[2m---&amp#27;[0;39m &amp#27;[2m[           main]&amp#27;[0;39m &amp#27;[36mo.s.w.s.m.m.a.HttpEntityMethodProcessor &amp#27;[0;39m &amp#27;[2m:&amp#27;[0;39m Using 'application/json', given [*/*] and supported [application/json, application/*+json, application/json, application/*+json]
&amp#27;[2m2023-10-30 21:24:56.894&amp#27;[0;39m &amp#27;[32mDEBUG&amp#27;[0;39m &amp#27;[35m23288&amp#27;[0;39m &amp#27;[2m---&amp#27;[0;39m &amp#27;[2m[           main]&amp#27;[0;39m &amp#27;[36mo.s.w.s.m.m.a.HttpEntityMethodProcessor &amp#27;[0;39m &amp#27;[2m:&amp#27;[0;39m Writing [com.task.test.DealResponse@56c6d515]
]]></system-out>
  </testcase>
  <testcase name="testValidDealAmount" classname="TestClassTests" time="0.011"/>
</testsuite>